/Users/renmingyuan/Desktop/VScode/unitTestsGen/OpenAIUnitTestGenerator/test.cs(7,2): error CS8803: Top-level statements must precede namespace and type declarations. [/Users/renmingyuan/Desktop/VScode/unitTestsGen/OpenAIUnitTestGenerator/OpenAIUnitTestGenerator.csproj]
/Users/renmingyuan/Desktop/VScode/unitTestsGen/OpenAIUnitTestGenerator/test.cs(7,2): error CS1010: Newline in constant [/Users/renmingyuan/Desktop/VScode/unitTestsGen/OpenAIUnitTestGenerator/OpenAIUnitTestGenerator.csproj]
/Users/renmingyuan/Desktop/VScode/unitTestsGen/OpenAIUnitTestGenerator/test.cs(7,3): error CS1002: ; expected [/Users/renmingyuan/Desktop/VScode/unitTestsGen/OpenAIUnitTestGenerator/OpenAIUnitTestGenerator.csproj]
